[INFO] Scanning for projects...
[INFO] ------------------------------------------------------------------------
[INFO] BUILD FAILURE
[INFO] ------------------------------------------------------------------------
[INFO] Total time:  0.196 s
[INFO] Finished at: 2023-06-19T12:26:39+05:30
[INFO] ------------------------------------------------------------------------
[ERROR] NoSuchElementException
[ERROR] 
[ERROR] To see the full stack trace of the errors, re-run Maven with the -e switch.
[ERROR] Re-run Maven using the -X switch to enable full debug logging.
